Loading db file '/home/liuxin113/smic18mm/Versilicon_SMIC18_v2.7/FEView_STDIO/STD/Synopsys/smic18_tt_1p8v_25c.db'
Information: Propagating switching activity (low effort zero delay simulation). (PWR-6)
Warning: Design has unannotated primary inputs. (PWR-414)
Warning: Design has unannotated sequential cell outputs. (PWR-415)
 
****************************************
Report : power
        -analysis_effort low
Design : count
Version: G-2012.06
Date   : Fri Jul 10 11:29:44 2015
****************************************


Library(s) Used:

    smic18_tt_1p8v_25c (File: /home/liuxin113/smic18mm/Versilicon_SMIC18_v2.7/FEView_STDIO/STD/Synopsys/smic18_tt_1p8v_25c.db)


Operating Conditions: tt_1p8v_25c   Library: smic18_tt_1p8v_25c
Wire Load Model Mode: segmented

Design        Wire Load Model            Library
------------------------------------------------
count                  reference_area_20000
                                         smic18_tt_1p8v_25c


Global Operating Voltage = 1.8  
Power-specific unit information :
    Voltage Units = 1V
    Capacitance Units = 1.000000pf
    Time Units = 1ns
    Dynamic Power Units = 1mW    (derived from V,C,T units)
    Leakage Power Units = 1mW


  Cell Internal Power  =  48.6360 uW   (36%)
  Net Switching Power  =  86.7963 uW   (64%)
                         ---------
Total Dynamic Power    = 135.4323 uW  (100%)

Cell Leakage Power     =   2.4993 nW


                 Internal         Switching           Leakage            Total
Power Group      Power            Power               Power              Power   (   %    )  Attrs
--------------------------------------------------------------------------------------------------
io_pad             0.0000            0.0000            0.0000            0.0000  (   0.00%)
memory             0.0000            0.0000            0.0000            0.0000  (   0.00%)
black_box          0.0000            0.0000            0.0000            0.0000  (   0.00%)
clock_network      0.0000            0.0000            0.0000            0.0000  (   0.00%)
register       4.1935e-02        5.9849e-03        1.5164e-06        4.7921e-02  (  35.38%)
sequential         0.0000            0.0000            0.0000            0.0000  (   0.00%)
combinational  6.7012e-03        8.0811e-02        9.8295e-07        8.7514e-02  (  64.62%)
--------------------------------------------------------------------------------------------------
Total          4.8636e-02 mW     8.6796e-02 mW     2.4993e-06 mW         0.1354 mW
1
