 
****************************************
Report : area
Design : shift
Version: G-2012.06
Date   : Fri Jul 10 11:31:37 2015
****************************************

Library(s) Used:

    smic18_tt_1p8v_25c (File: /home/liuxin113/smic18mm/Versilicon_SMIC18_v2.7/FEView_STDIO/STD/Synopsys/smic18_tt_1p8v_25c.db)

Number of ports:                           71
Number of nets:                           206
Number of cells:                           70
Number of combinational cells:             67
Number of sequential cells:                 0
Number of macros:                           0
Number of buf/inv:                          1
Number of references:                       8

Combinational area:       11219.965969
Noncombinational area:       0.000000
Net Interconnect area:      undefined  (Wire load has zero net area)

Total cell area:          11219.965969
Total area:                 undefined
1
