Loading db file '/usr/local/synopsys/dc/libraries/smic18mmrf_1P6M_200902271315/Versilicon_SMIC18_v2.7/FEView_STDIO/STD/Synopsys/smic18_tt_1p8v_25c.db'
Information: Propagating switching activity (low effort zero delay simulation). (PWR-6)
Warning: Design has unannotated primary inputs. (PWR-414)
Warning: Design has unannotated sequential cell outputs. (PWR-415)
 
****************************************
Report : power
        -analysis_effort low
Design : fifo
Version: G-2012.06
Date   : Sat Jul 11 19:31:59 2015
****************************************


Library(s) Used:

    smic18_tt_1p8v_25c (File: /usr/local/synopsys/dc/libraries/smic18mmrf_1P6M_200902271315/Versilicon_SMIC18_v2.7/FEView_STDIO/STD/Synopsys/smic18_tt_1p8v_25c.db)


Operating Conditions: tt_1p8v_25c   Library: smic18_tt_1p8v_25c
Wire Load Model Mode: segmented

Design        Wire Load Model            Library
------------------------------------------------
fifo                   reference_area_20000
                                         smic18_tt_1p8v_25c


Global Operating Voltage = 1.8  
Power-specific unit information :
    Voltage Units = 1V
    Capacitance Units = 1.000000pf
    Time Units = 1ns
    Dynamic Power Units = 1mW    (derived from V,C,T units)
    Leakage Power Units = 1mW


  Cell Internal Power  = 926.1959 uW   (94%)
  Net Switching Power  =  61.1819 uW    (6%)
                         ---------
Total Dynamic Power    = 987.3778 uW  (100%)

Cell Leakage Power     =  88.4980 nW


                 Internal         Switching           Leakage            Total
Power Group      Power            Power               Power              Power   (   %    )  Attrs
--------------------------------------------------------------------------------------------------
io_pad             0.0000            0.0000            0.0000            0.0000  (   0.00%)
memory             0.0000            0.0000            0.0000            0.0000  (   0.00%)
black_box          0.0000            0.0000            0.0000            0.0000  (   0.00%)
clock_network      0.0000            0.0000            0.0000            0.0000  (   0.00%)
register           0.8843        2.3049e-02        6.9232e-05            0.9074  (  91.89%)
sequential         0.0000            0.0000            0.0000            0.0000  (   0.00%)
combinational  4.1938e-02        3.8133e-02        1.9266e-05        8.0090e-02  (   8.11%)
--------------------------------------------------------------------------------------------------
Total              0.9262 mW     6.1182e-02 mW     8.8498e-05 mW         0.9875 mW
1
