Information: Updating design information... (UID-85)
 
****************************************
Report : timing
        -path full
        -delay max
        -max_paths 1
Design : fulladder4
Version: G-2012.06
Date   : Fri Jul 10 11:25:36 2015
****************************************

Operating Conditions: tt_1p8v_25c   Library: smic18_tt_1p8v_25c
Wire Load Model Mode: segmented

  Startpoint: b[0] (input port clocked by clk)
  Endpoint: sum[3] (output port clocked by clk)
  Path Group: clk
  Path Type: max

  Des/Clust/Port     Wire Load Model       Library
  ------------------------------------------------
  fulladder4         reference_area_20000  smic18_tt_1p8v_25c
  gp_gen             reference_area_20000  smic18_tt_1p8v_25c

  Point                                    Incr       Path
  -----------------------------------------------------------
  clock clk (rise edge)                    0.00       0.00
  clock network delay (ideal)              1.30       1.30
  input external delay                     3.00       4.30 f
  b[0] (in)                                0.00       4.30 f
  u0/b[0] (gp_gen)                         0.00       4.30 f
  u0/U13/Z (NOR2HD1X)                      0.13       4.43 r
  u0/U2/Z (OAI21HD1X)                      0.13       4.56 f
  u0/U10/Z (AOI22HD1X)                     0.22       4.78 r
  u0/U7/Z (OAI22HD1X)                      0.12       4.90 f
  u0/cout[3] (gp_gen)                      0.00       4.90 f
  U14/Z (XOR2HD1X)                         0.16       5.05 f
  U13/Z (XOR2HD1X)                         1.74       6.80 r
  sum[3] (out)                             0.00       6.80 r
  data arrival time                                   6.80

  clock clk (rise edge)                   10.00      10.00
  clock network delay (ideal)              1.30      11.30
  clock uncertainty                       -0.80      10.50
  output external delay                   -3.00       7.50
  data required time                                  7.50
  -----------------------------------------------------------
  data required time                                  7.50
  data arrival time                                  -6.80
  -----------------------------------------------------------
  slack (MET)                                         0.70


1
